<?xml version="1.0" encoding="UTF-8"?>
<testsuite name="com.LabourLine.LabourLine.LabourLineApplicationTests" tests="1" skipped="0" failures="0" errors="0" timestamp="2026-02-21T15:13:24.633Z" hostname="DESKTOP-IBNN296" time="0.628">
  <properties/>
  <testcase name="contextLoads()" classname="com.LabourLine.LabourLine.LabourLineApplicationTests" time="0.628"/>
  <system-out><![CDATA[20:43:16.694 [Test worker] INFO org.springframework.test.context.support.AnnotationConfigContextLoaderUtils -- Could not detect default configuration classes for test class [com.LabourLine.LabourLine.LabourLineApplicationTests]: LabourLineApplicationTests does not declare any static, non-private, non-final, nested classes annotated with @Configuration.
20:43:16.821 [Test worker] INFO org.springframework.boot.test.context.SpringBootTestContextBootstrapper -- Found @SpringBootConfiguration com.LabourLine.LabourLine.LabourLineApplication for test class com.LabourLine.LabourLine.LabourLineApplicationTests

  .   ____          _            __ _ _
 /\\ / ___'_ __ _ _(_)_ __  __ _ \ \ \ \
( ( )\___ | '_ | '_| | '_ \/ _` | \ \ \ \
 \\/  ___)| |_)| | | | | || (_| |  ) ) ) )
  '  |____| .__|_| |_|_| |_\__, | / / / /
 =========|_|==============|___/=/_/_/_/

 :: Spring Boot ::                (v4.0.1)

2026-02-21T20:43:17.519+05:30  INFO 12372 --- [LabourLine] [    Test worker] c.L.L.LabourLineApplicationTests         : Starting LabourLineApplicationTests using Java 17.0.12 with PID 12372 (started by Sujal in E:\react-native\LabourLine\backend)
2026-02-21T20:43:17.521+05:30  INFO 12372 --- [LabourLine] [    Test worker] c.L.L.LabourLineApplicationTests         : No active profile set, falling back to 1 default profile: "default"
2026-02-21T20:43:18.464+05:30  INFO 12372 --- [LabourLine] [    Test worker] .s.d.r.c.RepositoryConfigurationDelegate : Bootstrapping Spring Data JPA repositories in DEFAULT mode.
2026-02-21T20:43:18.562+05:30  INFO 12372 --- [LabourLine] [    Test worker] .s.d.r.c.RepositoryConfigurationDelegate : Finished Spring Data repository scanning in 85 ms. Found 7 JPA repository interfaces.
2026-02-21T20:43:19.332+05:30  INFO 12372 --- [LabourLine] [    Test worker] org.hibernate.orm.jpa                    : HHH008540: Processing PersistenceUnitInfo [name: default]
2026-02-21T20:43:19.468+05:30  INFO 12372 --- [LabourLine] [    Test worker] org.hibernate.orm.core                   : HHH000001: Hibernate ORM core version 7.2.0.Final
2026-02-21T20:43:20.298+05:30  INFO 12372 --- [LabourLine] [    Test worker] o.s.o.j.p.SpringPersistenceUnitInfo      : No LoadTimeWeaver setup: ignoring JPA class transformer
2026-02-21T20:43:20.329+05:30  INFO 12372 --- [LabourLine] [    Test worker] com.zaxxer.hikari.HikariDataSource       : HikariPool-1 - Starting...
2026-02-21T20:43:20.554+05:30  INFO 12372 --- [LabourLine] [    Test worker] com.zaxxer.hikari.pool.HikariPool        : HikariPool-1 - Added connection org.postgresql.jdbc.PgConnection@5eba9e41
2026-02-21T20:43:20.555+05:30  INFO 12372 --- [LabourLine] [    Test worker] com.zaxxer.hikari.HikariDataSource       : HikariPool-1 - Start completed.
2026-02-21T20:43:20.586+05:30  WARN 12372 --- [LabourLine] [    Test worker] org.hibernate.orm.deprecation            : HHH90000025: PostgreSQLDialect does not need to be specified explicitly using 'hibernate.dialect' (remove the property setting and it will be selected by default)
2026-02-21T20:43:20.616+05:30  INFO 12372 --- [LabourLine] [    Test worker] org.hibernate.orm.connections.pooling    : HHH10001005: Database info:
	Database JDBC URL [jdbc:postgresql://localhost:5432/LabourLine]
	Database driver: PostgreSQL JDBC Driver
	Database dialect: PostgreSQLDialect
	Database version: 18.2
	Default catalog/schema: LabourLine/public
	Autocommit mode: undefined/unknown
	Isolation level: READ_COMMITTED [default READ_COMMITTED]
	JDBC fetch size: none
	Pool: DataSourceConnectionProvider
	Minimum pool size: undefined/unknown
	Maximum pool size: undefined/unknown
2026-02-21T20:43:21.743+05:30  INFO 12372 --- [LabourLine] [    Test worker] org.hibernate.orm.core                   : HHH000489: No JTA platform available (set 'hibernate.transaction.jta.platform' to enable JTA platform integration)
2026-02-21T20:43:21.858+05:30  INFO 12372 --- [LabourLine] [    Test worker] j.LocalContainerEntityManagerFactoryBean : Initialized JPA EntityManagerFactory for persistence unit 'default'
2026-02-21T20:43:22.016+05:30  INFO 12372 --- [LabourLine] [    Test worker] o.s.d.j.r.query.QueryEnhancerFactories   : Hibernate is in classpath; If applicable, HQL parser will be used.
2026-02-21T20:43:23.331+05:30  WARN 12372 --- [LabourLine] [    Test worker] JpaBaseConfiguration$JpaWebConfiguration : spring.jpa.open-in-view is enabled by default. Therefore, database queries may be performed during view rendering. Explicitly configure spring.jpa.open-in-view to disable this warning
2026-02-21T20:43:23.545+05:30  WARN 12372 --- [LabourLine] [    Test worker] .s.a.UserDetailsServiceAutoConfiguration : 

Using generated security password: d99642d0-0fb0-4cc0-a8e7-84e6b36681c0

This generated password is for development use only. Your security configuration must be updated before running your application in production.

2026-02-21T20:43:23.564+05:30  INFO 12372 --- [LabourLine] [    Test worker] r$InitializeUserDetailsManagerConfigurer : Global AuthenticationManager configured with UserDetailsService bean with name inMemoryUserDetailsManager
2026-02-21T20:43:24.607+05:30  INFO 12372 --- [LabourLine] [    Test worker] c.L.L.LabourLineApplicationTests         : Started LabourLineApplicationTests in 7.566 seconds (process running for 9.241)
]]></system-out>
  <system-err><![CDATA[]]></system-err>
</testsuite>
